<?xml version="1.0" encoding="UTF-8"?>
<robot generator="Robot 3.1 (Python 3.6.7 on win32)" generated="20190222 17:54:28.194" rpa="false">
<suite id="s1" name="Tc" source="C:\Users\F993\pycharmprojects\rf\tc">
<kw name="Delete All School Classes" library="pylib.SchoolClassLib" type="setup">
<msg timestamp="20190222 17:54:28.512" level="INFO">{'gradeid': 1, 'retcode': 0, 'retlist': []}
{'gradeid': 1, 'retcode': 0, 'retlist': []}
{'gradeid': 1, 'retcode': 0, 'retlist': []}
{'gradeid': 1, 'retcode': 0, 'retlist': []}</msg>
<status status="PASS" starttime="20190222 17:54:28.340" endtime="20190222 17:54:28.513"></status>
</kw>
<suite id="s1-s1" name="添加班级" source="C:\Users\F993\pycharmprojects\rf\tc\添加班级.robot">
<test id="s1-s1-t1" name="添加班级1 - tc000001">
<kw name="Add School Class" library="pylib.SchoolClassLib">
<arguments>
<arg>1</arg>
<arg>1班</arg>
<arg>60</arg>
</arguments>
<assign>
<var>${ret1}</var>
</assign>
<msg timestamp="20190222 17:54:28.646" level="INFO">{'id': 106397, 'invitecode': '1063975302751', 'retcode': 0}</msg>
<msg timestamp="20190222 17:54:28.646" level="INFO">${ret1} = {'invitecode': '1063975302751', 'retcode': 0, 'id': 106397}</msg>
<status status="PASS" starttime="20190222 17:54:28.518" endtime="20190222 17:54:28.646"></status>
</kw>
<kw name="Log" library="BuiltIn">
<doc>Logs the given message with the given level.</doc>
<arguments>
<arg>${ret1}</arg>
</arguments>
<msg timestamp="20190222 17:54:28.647" level="INFO">{'invitecode': '1063975302751', 'retcode': 0, 'id': 106397}</msg>
<status status="PASS" starttime="20190222 17:54:28.647" endtime="20190222 17:54:28.647"></status>
</kw>
<kw name="Should Be True" library="BuiltIn">
<doc>Fails if the given condition is not true.</doc>
<arguments>
<arg>$ret1['retcode']==0</arg>
</arguments>
<status status="PASS" starttime="20190222 17:54:28.648" endtime="20190222 17:54:28.656"></status>
</kw>
<kw name="List School Class" library="pylib.SchoolClassLib">
<arguments>
<arg>1</arg>
</arguments>
<assign>
<var>${ret2}</var>
</assign>
<msg timestamp="20190222 17:54:28.742" level="INFO">{ 'gradeid': 1,
  'retcode': 0,
  'retlist': [ { 'grade__name': '七年级',
                 'id': 106397,
                 'invitecode': '1063975302751',
                 'name': '1班',
                 'studentlimit': 60,
                 'studentnumber': 0,
                 'teacherlist': []}]}</msg>
<msg timestamp="20190222 17:54:28.742" level="INFO">${ret2} = {'gradeid': 1, 'retlist': [{'name': '1班', 'grade__name': '七年级', 'invitecode': '1063975302751', 'studentlimit': 60, 'studentnumber': 0, 'id': 106397, 'teacherlist': []}], 'retcode': 0}</msg>
<status status="PASS" starttime="20190222 17:54:28.657" endtime="20190222 17:54:28.743"></status>
</kw>
<kw name="Log" library="BuiltIn">
<doc>Logs the given message with the given level.</doc>
<arguments>
<arg>${ret2}</arg>
</arguments>
<msg timestamp="20190222 17:54:28.744" level="INFO">{'gradeid': 1, 'retlist': [{'name': '1班', 'grade__name': '七年级', 'invitecode': '1063975302751', 'studentlimit': 60, 'studentnumber': 0, 'id': 106397, 'teacherlist': []}], 'retcode': 0}</msg>
<status status="PASS" starttime="20190222 17:54:28.744" endtime="20190222 17:54:28.744"></status>
</kw>
<kw name="Evaluate" library="BuiltIn">
<doc>Evaluates the given expression in Python and returns the results.</doc>
<arguments>
<arg>$ret2['retlist'][0]</arg>
</arguments>
<assign>
<var>${fc}</var>
</assign>
<msg timestamp="20190222 17:54:28.746" level="INFO">${fc} = {'name': '1班', 'grade__name': '七年级', 'invitecode': '1063975302751', 'studentlimit': 60, 'studentnumber': 0, 'id': 106397, 'teacherlist': []}</msg>
<status status="PASS" starttime="20190222 17:54:28.745" endtime="20190222 17:54:28.746"></status>
</kw>
<kw name="Log" library="BuiltIn">
<doc>Logs the given message with the given level.</doc>
<arguments>
<arg>${fc}</arg>
</arguments>
<msg timestamp="20190222 17:54:28.748" level="INFO">{'name': '1班', 'grade__name': '七年级', 'invitecode': '1063975302751', 'studentlimit': 60, 'studentnumber': 0, 'id': 106397, 'teacherlist': []}</msg>
<status status="PASS" starttime="20190222 17:54:28.747" endtime="20190222 17:54:28.748"></status>
</kw>
<kw name="Should Be True" library="BuiltIn">
<doc>Fails if the given condition is not true.</doc>
<arguments>
<arg>$fc['id']==$ret1['id']</arg>
</arguments>
<status status="PASS" starttime="20190222 17:54:28.750" endtime="20190222 17:54:28.752"></status>
</kw>
<kw name="Should Be True" library="BuiltIn">
<doc>Fails if the given condition is not true.</doc>
<arguments>
<arg>$fc['invitecode']==$ret1['invitecode']</arg>
</arguments>
<status status="PASS" starttime="20190222 17:54:28.752" endtime="20190222 17:54:28.754"></status>
</kw>
<kw name="Should Be True" library="BuiltIn">
<doc>Fails if the given condition is not true.</doc>
<arguments>
<arg>$fc['grade__name']=='七年级'</arg>
</arguments>
<status status="PASS" starttime="20190222 17:54:28.755" endtime="20190222 17:54:28.757"></status>
</kw>
<kw name="Should Be True" library="BuiltIn">
<doc>Fails if the given condition is not true.</doc>
<arguments>
<arg>$fc['studentlimit']==60</arg>
</arguments>
<status status="PASS" starttime="20190222 17:54:28.758" endtime="20190222 17:54:28.760"></status>
</kw>
<kw name="Should Be True" library="BuiltIn">
<doc>Fails if the given condition is not true.</doc>
<arguments>
<arg>$fc['name']=='1班'</arg>
</arguments>
<status status="PASS" starttime="20190222 17:54:28.760" endtime="20190222 17:54:28.762"></status>
</kw>
<kw name="Delete School Class" library="pylib.SchoolClassLib" type="teardown">
<arguments>
<arg>&amp;{ret1}[id]</arg>
</arguments>
<status status="PASS" starttime="20190222 17:54:28.763" endtime="20190222 17:54:28.863"></status>
</kw>
<status status="PASS" starttime="20190222 17:54:28.517" endtime="20190222 17:54:28.864" critical="yes"></status>
</test>
<status status="PASS" starttime="20190222 17:54:28.513" endtime="20190222 17:54:28.868"></status>
</suite>
<status status="PASS" starttime="20190222 17:54:28.197" endtime="20190222 17:54:28.877"></status>
</suite>
<statistics>
<total>
<stat pass="1" fail="0">Critical Tests</stat>
<stat pass="1" fail="0">All Tests</stat>
</total>
<tag>
</tag>
<suite>
<stat pass="1" fail="0" id="s1" name="Tc">Tc</stat>
<stat pass="1" fail="0" id="s1-s1" name="添加班级">Tc.添加班级</stat>
</suite>
</statistics>
<errors>
</errors>
</robot>
